Arguments: 
  C:\Program Files\nodejs\node.exe C:\Program Files (x86)\Yarn\bin\yarn.js install

PATH: 
  C:\Program Files (x86)\Common Files\Intel\Shared Libraries\redist\intel64\compiler;C:\Windows\system32;C:\Windows;C:\Windows\System32\Wbem;C:\Windows\System32\WindowsPowerShell\v1.0\;C:\Windows\System32\OpenSSH\;"C:\Users\Administrator\AppData\Roaming\npm\node_modules\angular-cli\bin;C:\Program Files\MongoDB\Server\3.2\bin";C:\Program Files\nodejs\;C:\Program Files\Git\cmd;C:\Program Files (x86)\Yarn\bin\;C:\Users\DELL\AppData\Local\Microsoft\WindowsApps;;C:\Users\DELL\AppData\Roaming\npm;C:\Users\DELL\AppData\Local\Programs\Microsoft VS Code\bin;C:\Users\DELL\AppData\Local\Yarn\bin

Yarn version: 
  1.22.5

Node version: 
  12.18.3

Platform: 
  win32 x64

Trace: 
  SyntaxError: C:\Users\DELL\Desktop\New folder\package.json: Unexpected token } in JSON at position 582
      at JSON.parse (<anonymous>)
      at C:\Program Files (x86)\Yarn\lib\cli.js:1625:59
      at Generator.next (<anonymous>)
      at step (C:\Program Files (x86)\Yarn\lib\cli.js:310:30)
      at C:\Program Files (x86)\Yarn\lib\cli.js:321:13

npm manifest: 
  {
    "name": "kimthanh",
    "version": "ver1",
    "description": "kimthanh",
    "main": "index.html",
    "license": "MIT",
    "private": false,
  
    "devDependencies": {
      "@babel/core": "^7.8.7",
      "browser-sync": "^2.26.3",
      "gulp": "^4.0.2",
      "gulp-clean-css": "^3.9.2",
      "gulp-connect-php": "^1.0.3",
      "gulp-file-include": "^2.2.2",
      "gulp-npm-dist": "^1.0.2",
      "gulp-plumber": "^1.2.1",
      "gulp-pug": "^4.0.1",
      "gulp-rename": "^1.2.2",
      "gulp-sass": "^3.1.0",
      "gulp-sourcemaps": "^2.6.5",
      "webpack": "^4.43.0",
      "webpack-cli": "^3.3.11"
    },
  
  }

yarn manifest: 
  No manifest

Lockfile: 
  No lockfile
